<?xml version="1.0" encoding="UTF-8"?>
<!-- Generated by org.testng.reporters.JUnitReportReporter -->
<testsuite skipped="0" hostname="tlvyanaf1lt" name="com.verifone.tests.oldTests.tmp" tests="4" failures="0" timestamp="03 May 2018 10:34:40 GMT" time="165.076" errors="0">
  <testcase name="testAppl" time="42.407" classname="com.verifone.tests.oldTests.tmp"/>
  <testcase name="testAppl" time="43.292" classname="com.verifone.tests.oldTests.tmp"/>
  <testcase name="testAppl" time="39.754" classname="com.verifone.tests.oldTests.tmp"/>
  <testcase name="testAppl" time="39.623" classname="com.verifone.tests.oldTests.tmp"/>
</testsuite> <!-- com.verifone.tests.tmp -->
