<?xml version="1.0" encoding="UTF-8"?>
<!-- Generated by org.testng.reporters.JUnitReportReporter -->
<testsuite skipped="0" hostname="tlvgiorat1lt" name="com.verifone.tests.LoginDataDriven" tests="3" failures="0" timestamp="10 Apr 2018 10:42:22 GMT" time="15.584" errors="0">
  <testcase name="loginTest" time="4.632" classname="com.verifone.tests.LoginDataDriven"/>
  <testcase name="loginTest" time="6.379" classname="com.verifone.tests.LoginDataDriven"/>
  <testcase name="loginTest" time="4.573" classname="com.verifone.tests.LoginDataDriven"/>
</testsuite> <!-- com.verifone.tests.LoginDataDriven -->
