<?xml version="1.0" encoding="UTF-8"?>
<!-- Generated by org.testng.reporters.JUnitReportReporter -->
<testsuite skipped="0" hostname="tlvyanaf1lt" name="com.verifone.tests.oldTests.SignUpTest" tests="2" failures="0" timestamp="13 May 2018 14:57:12 GMT" time="13.486" errors="0">
  <testcase name="SignUpTest" time="5.210" classname="com.verifone.tests.oldTests.SignUpTest"/>
  <testcase name="SignUpTest" time="8.276" classname="com.verifone.tests.oldTests.SignUpTest"/>
</testsuite> <!-- com.verifone.tests.SignUpTestUI -->
