<?xml version="1.0" encoding="UTF-8"?>
<!-- Generated by org.testng.reporters.JUnitReportReporter -->
<testsuite skipped="0" hostname="tlvyanaf1lt" name="com.verifone.tests.oldTests.testBlackList" tests="1" failures="0" timestamp="25 Apr 2018 20:26:19 GMT" time="10.842" errors="0">
  <testcase name="testBlackList" time="10.842" classname="com.verifone.tests.oldTests.testBlackList"/>
</testsuite> <!-- com.verifone.tests.testBlackList -->
