<?xml version="1.0" encoding="UTF-8"?>
<!-- Generated by org.testng.reporters.JUnitReportReporter -->
<testsuite skipped="0" hostname="tlvyanaf1lt" name="com.verifone.tests.oldTests.Columns" tests="33" failures="0" timestamp="17 Apr 2018 15:29:04 GMT" time="654.010" errors="2">
  <testcase name="columns" time="15.134" classname="com.verifone.tests.oldTests.Columns"/>
  <testcase name="columns" time="15.711" classname="com.verifone.tests.oldTests.Columns"/>
  <testcase name="columns" time="21.386" classname="com.verifone.tests.oldTests.Columns"/>
  <testcase name="columns" time="16.460" classname="com.verifone.tests.oldTests.Columns"/>
  <testcase name="columns" time="21.474" classname="com.verifone.tests.oldTests.Columns"/>
  <testcase name="columns" time="21.735" classname="com.verifone.tests.oldTests.Columns"/>
  <testcase name="columns" time="21.624" classname="com.verifone.tests.oldTests.Columns"/>
  <testcase name="columns" time="21.358" classname="com.verifone.tests.oldTests.Columns"/>
  <testcase name="columns" time="21.342" classname="com.verifone.tests.oldTests.Columns"/>
  <testcase name="columns" time="21.561" classname="com.verifone.tests.oldTests.Columns"/>
  <testcase name="columns" time="21.681" classname="com.verifone.tests.oldTests.Columns"/>
  <testcase name="columns" time="21.442" classname="com.verifone.tests.oldTests.Columns"/>
  <testcase name="columns" time="21.561" classname="com.verifone.tests.oldTests.Columns"/>
  <testcase name="columns" time="21.570" classname="com.verifone.tests.oldTests.Columns"/>
  <testcase name="columns" time="21.951" classname="com.verifone.tests.oldTests.Columns"/>
  <testcase name="columns" time="21.420" classname="com.verifone.tests.oldTests.Columns"/>
  <testcase name="columns" time="21.553" classname="com.verifone.tests.oldTests.Columns"/>
  <testcase name="columns" time="23.273" classname="com.verifone.tests.oldTests.Columns"/>
  <testcase name="columns" time="21.416" classname="com.verifone.tests.oldTests.Columns"/>
  <testcase name="columns" time="21.357" classname="com.verifone.tests.oldTests.Columns"/>
  <testcase name="closePage1" time="0.045" classname="com.verifone.tests.oldTests.Columns">
    <error type="org.testng.TestNGException" message="
Can inject only one of &lt;ITestContext, XmlTest&gt; into a @AfterTest annotated closePage1.
For more information on native dependency injection please refer to http://testng.org/doc/documentation-main.html#native-dependency-injection">
      <![CDATA[org.testng.TestNGException: 
Can inject only one of <ITestContext, XmlTest> into a @AfterTest annotated closePage1.
For more information on native dependency injection please refer to http://testng.org/doc/documentation-main.html#native-dependency-injection
at org.testng.internal.Parameters.checkParameterTypes(Parameters.java:407)
at org.testng.internal.Parameters.createParametersForMethod(Parameters.java:356)
at org.testng.internal.Parameters.createParameters(Parameters.java:635)
at org.testng.internal.Parameters.createConfigurationParameters(Parameters.java:190)
at org.testng.internal.Invoker.invokeConfigurations(Invoker.java:209)
at org.testng.internal.Invoker.invokeConfigurations(Invoker.java:142)
at org.testng.TestRunner.afterRun(TestRunner.java:725)
at org.testng.TestRunner.run(TestRunner.java:509)
at org.testng.SuiteRunner.runTest(SuiteRunner.java:455)
at org.testng.SuiteRunner.runSequentially(SuiteRunner.java:450)
at org.testng.SuiteRunner.privateRun(SuiteRunner.java:415)
at org.testng.SuiteRunner.run(SuiteRunner.java:364)
at org.testng.SuiteRunnerWorker.runSuite(SuiteRunnerWorker.java:52)
at org.testng.SuiteRunnerWorker.run(SuiteRunnerWorker.java:84)
at org.testng.TestNG.runSuitesSequentially(TestNG.java:1208)
at org.testng.TestNG.runSuitesLocally(TestNG.java:1137)
at org.testng.TestNG.runSuites(TestNG.java:1049)
at org.testng.TestNG.run(TestNG.java:1017)
at org.testng.remote.AbstractRemoteTestNG.run(AbstractRemoteTestNG.java:114)
at org.testng.remote.RemoteTestNG.initAndRun(RemoteTestNG.java:251)
at org.testng.remote.RemoteTestNG.main(RemoteTestNG.java:77)
]]>
    </error>
  </testcase> <!-- closePage1 -->
  <testcase name="columns" time="21.491" classname="com.verifone.tests.oldTests.Columns"/>
  <testcase name="columns" time="21.392" classname="com.verifone.tests.oldTests.Columns"/>
  <testcase name="columns" time="21.235" classname="com.verifone.tests.oldTests.Columns"/>
  <testcase name="columns" time="21.816" classname="com.verifone.tests.oldTests.Columns"/>
  <testcase name="columns" time="21.488" classname="com.verifone.tests.oldTests.Columns"/>
  <testcase name="columns" time="21.400" classname="com.verifone.tests.oldTests.Columns"/>
  <testcase name="columns" time="21.929" classname="com.verifone.tests.oldTests.Columns"/>
  <testcase name="columns" time="22.037" classname="com.verifone.tests.oldTests.Columns"/>
  <testcase name="columns" time="21.295" classname="com.verifone.tests.oldTests.Columns"/>
  <testcase name="columns" time="21.560" classname="com.verifone.tests.oldTests.Columns"/>
  <testcase name="columns" time="21.640" classname="com.verifone.tests.oldTests.Columns"/>
  <testcase name="closePage" time="1.673" classname="com.verifone.tests.oldTests.Columns">
    <error type="org.openqa.selenium.NoSuchSessionException" message="Session ID is null. Using WebDriver after calling quit()?
Build info: version: &#039;3.4.0&#039;, revision: &#039;unknown&#039;, time: &#039;unknown&#039;
System info: host: &#039;TLVYANAF1LT&#039;, ip: &#039;10.160.13.60&#039;, os.name: &#039;Windows 10&#039;, os.arch: &#039;amd64&#039;, os.version: &#039;10.0&#039;, java.version: &#039;1.8.0_162&#039;
Driver info: driver.version: RemoteWebDriver">
        <![CDATA[org.openqa.selenium.NoSuchSessionException: Session ID is null. Using WebDriver after calling quit()?
Build info: version: '3.4.0', revision: 'unknown', time: 'unknown'
System info: host: 'TLVYANAF1LT', ip: '10.160.13.60', os.name: 'Windows 10', os.arch: 'amd64', os.version: '10.0', java.version: '1.8.0_162'
Driver info: driver.version: RemoteWebDriver
at org.openqa.selenium.remote.HttpCommandExecutor.execute(HttpCommandExecutor.java:131)
at org.openqa.selenium.remote.service.DriverCommandExecutor.execute(DriverCommandExecutor.java:82)
at org.openqa.selenium.remote.RemoteWebDriver.execute(RemoteWebDriver.java:637)
at org.openqa.selenium.remote.RemoteWebDriver.execute(RemoteWebDriver.java:694)
at org.openqa.selenium.remote.RemoteWebDriver.close(RemoteWebDriver.java:523)
at com.verifone.tests.oldTests.Columns.closePage(Columns.java:361)
at sun.reflect.GeneratedMethodAccessor28.invoke(Unknown Source)
at sun.reflect.DelegatingMethodAccessorImpl.invoke(Unknown Source)
at java.lang.reflect.Method.invoke(Unknown Source)
at org.testng.internal.MethodInvocationHelper.invokeMethod(MethodInvocationHelper.java:124)
at org.testng.internal.MethodInvocationHelper.invokeMethodConsideringTimeout(MethodInvocationHelper.java:59)
at org.testng.internal.Invoker.invokeConfigurationMethod(Invoker.java:455)
at org.testng.internal.Invoker.invokeConfigurations(Invoker.java:222)
at org.testng.internal.Invoker.invokeMethod(Invoker.java:643)
at org.testng.internal.Invoker.invokeTestMethod(Invoker.java:716)
at org.testng.internal.Invoker.invokeTestMethods(Invoker.java:988)
at org.testng.internal.TestMethodWorker.invokeTestMethods(TestMethodWorker.java:125)
at org.testng.internal.TestMethodWorker.run(TestMethodWorker.java:109)
at org.testng.TestRunner.privateRun(TestRunner.java:648)
at org.testng.TestRunner.run(TestRunner.java:505)
at org.testng.SuiteRunner.runTest(SuiteRunner.java:455)
at org.testng.SuiteRunner.runSequentially(SuiteRunner.java:450)
at org.testng.SuiteRunner.privateRun(SuiteRunner.java:415)
at org.testng.SuiteRunner.run(SuiteRunner.java:364)
at org.testng.SuiteRunnerWorker.runSuite(SuiteRunnerWorker.java:52)
at org.testng.SuiteRunnerWorker.run(SuiteRunnerWorker.java:84)
at org.testng.TestNG.runSuitesSequentially(TestNG.java:1208)
at org.testng.TestNG.runSuitesLocally(TestNG.java:1137)
at org.testng.TestNG.runSuites(TestNG.java:1049)
at org.testng.TestNG.run(TestNG.java:1017)
at org.testng.remote.AbstractRemoteTestNG.run(AbstractRemoteTestNG.java:114)
at org.testng.remote.RemoteTestNG.initAndRun(RemoteTestNG.java:251)
at org.testng.remote.RemoteTestNG.main(RemoteTestNG.java:77)
]]>
    </error>
  </testcase> <!-- closePage -->
</testsuite> <!-- com.verifone.tests.Columns -->
